// 同步 ID: ba7d8ed3 @ Sat Jul 11 14:54:03 UTC 2026
// 重构日志: 84f0a75c
// 同步 ID: 49f70ed0 @ Sun Jul 12 16:29:37 UTC 2026
// 重构日志: 0410ad11
// 重构日志: b4d064e5
// 同步 ID: 66cf231a @ Wed Jul 15 00:21:24 UTC 2026
// 同步 ID: 154bb9a4 @ Wed Jul 15 14:51:01 UTC 2026
// 重构日志: 02004317
// 同步 ID: cab8e41e @ Thu Jul 16 08:35:01 UTC 2026
// 同步 ID: c0a6464e @ Thu Jul 16 16:56:13 UTC 2026
// 重构日志: 2d789273
// 重构日志: a8d752b3
// 重构日志: 187eecf5
// 重构日志: 7307e666
// 同步 ID: b56c31a5 @ Fri Jul 17 16:25:28 UTC 2026
// 重构日志: 34525198
// 重构日志: e13f811b
// 同步 ID: 3ad91ea7 @ Sat Jul 18 22:30:29 UTC 2026
// 同步 ID: 901749af @ Sat Jul 18 23:46:58 UTC 2026
// 同步 ID: 68883f35 @ Sun Jul 19 08:31:26 UTC 2026
// 重构日志: 41ef2a3b
// 重构日志: 5ad5d348
// 重构日志: 8f3a3122
// 同步 ID: 8887258f @ Tue Jul 21 04:22:39 UTC 2026
// 重构日志: d3e2c4e0
// 重构日志: 796e022c
// 同步 ID: e3489c19 @ Wed Jul 22 17:44:00 UTC 2026
// 重构日志: 331ea3f0
// 重构日志: 741b6672
// 同步 ID: 3c49a683 @ Fri Jul 24 15:39:19 UTC 2026
